<?xml version="1.0" encoding="UTF-8"?>
<!-- Generated by org.testng.reporters.JUnitXMLReporter -->
<testsuite ignored="4" hostname="LTIN517525" failures="0" tests="18" name="ChromeTest" time="120.501" errors="0" timestamp="2024-02-28T16:11:20 IST">
  <testcase classname="TestCases.TC001_IdentifyCourses" name="verifyInputBox" time="5.307"/>
  <testcase classname="TestCases.TC001_IdentifyCourses" name="VerifySelection" time="2.783"/>
  <testcase classname="TestCases.TC001_IdentifyCourses" name="verifyCourse" time="9.803"/>
  <testcase classname="TestCases.TC002_LanguageLearning" name="keyActions" time="3.344"/>
  <testcase classname="TestCases.TC002_LanguageLearning" name="getLanguages" time="49.286"/>
  <testcase classname="TestCases.TC002_LanguageLearning" name="closeButton" time="0.076"/>
  <testcase classname="TestCases.TC002_LanguageLearning" name="getLevel" time="8.36"/>
  <testcase classname="TestCases.TC003_ForEnterprise" name="homepage" time="5.648"/>
  <testcase classname="TestCases.TC003_ForEnterprise" name="clickEnterprise" time="10.005"/>
  <testcase classname="TestCases.TC003_ForEnterprise" name="clickCoursera" time="3.212"/>
  <testcase classname="TestCases.TC003_ForEnterprise" name="scrollToForm" time="0.022"/>
  <testcase classname="TestCases.TC003_ForEnterprise" name="fillName" time="0.246"/>
  <testcase classname="TestCases.TC003_ForEnterprise" name="personalDetails" time="0.156"/>
  <testcase classname="TestCases.TC003_ForEnterprise" name="institution" time="0.343"/>
  <testcase classname="TestCases.TC003_ForEnterprise" name="jobDetails" time="0.357"/>
  <testcase classname="TestCases.TC003_ForEnterprise" name="countryDetails" time="0.182"/>
  <testcase classname="TestCases.TC003_ForEnterprise" name="submitButton" time="3.055"/>
  <testcase classname="TestCases.TC003_ForEnterprise" name="errorMessage" time="0.057"/>
  <testcase classname="TestBase.BaseClass" name="@BeforeTest setUp1" time="0.0">
    <ignored/>
  </testcase> <!-- @BeforeTest setUp1 -->
  <testcase classname="TestBase.BaseClass" name="@BeforeTest setUp1" time="0.0">
    <ignored/>
  </testcase> <!-- @BeforeTest setUp1 -->
  <testcase classname="TestBase.BaseClass" name="@AfterTest tearDown" time="0.0">
    <ignored/>
  </testcase> <!-- @AfterTest tearDown -->
  <testcase classname="TestBase.BaseClass" name="@AfterTest tearDown" time="0.0">
    <ignored/>
  </testcase> <!-- @AfterTest tearDown -->
</testsuite> <!-- ChromeTest -->
