<?xml version="1.0" encoding="UTF-8"?>
<!-- Generated by org.testng.reporters.JUnitXMLReporter -->
<testsuite ignored="4" hostname="LTIN517525" failures="0" tests="18" name="EdgeTest" time="129.508" errors="0" timestamp="2024-02-28T16:13:34 IST">
  <testcase classname="TestCases.TC001_IdentifyCourses" name="verifyInputBox" time="4.782"/>
  <testcase classname="TestCases.TC001_IdentifyCourses" name="VerifySelection" time="2.488"/>
  <testcase classname="TestCases.TC001_IdentifyCourses" name="verifyCourse" time="11.679"/>
  <testcase classname="TestCases.TC002_LanguageLearning" name="keyActions" time="3.339"/>
  <testcase classname="TestCases.TC002_LanguageLearning" name="getLanguages" time="49.105"/>
  <testcase classname="TestCases.TC002_LanguageLearning" name="closeButton" time="0.087"/>
  <testcase classname="TestCases.TC002_LanguageLearning" name="getLevel" time="8.321"/>
  <testcase classname="TestCases.TC003_ForEnterprise" name="homepage" time="6.354"/>
  <testcase classname="TestCases.TC003_ForEnterprise" name="clickEnterprise" time="12.283"/>
  <testcase classname="TestCases.TC003_ForEnterprise" name="clickCoursera" time="6.941"/>
  <testcase classname="TestCases.TC003_ForEnterprise" name="scrollToForm" time="0.026"/>
  <testcase classname="TestCases.TC003_ForEnterprise" name="fillName" time="0.192"/>
  <testcase classname="TestCases.TC003_ForEnterprise" name="personalDetails" time="0.14"/>
  <testcase classname="TestCases.TC003_ForEnterprise" name="institution" time="0.236"/>
  <testcase classname="TestCases.TC003_ForEnterprise" name="jobDetails" time="0.347"/>
  <testcase classname="TestCases.TC003_ForEnterprise" name="countryDetails" time="0.152"/>
  <testcase classname="TestCases.TC003_ForEnterprise" name="submitButton" time="3.043"/>
  <testcase classname="TestCases.TC003_ForEnterprise" name="errorMessage" time="0.05"/>
  <testcase classname="TestBase.BaseClass" name="@BeforeTest setUp1" time="0.0">
    <ignored/>
  </testcase> <!-- @BeforeTest setUp1 -->
  <testcase classname="TestBase.BaseClass" name="@BeforeTest setUp1" time="0.0">
    <ignored/>
  </testcase> <!-- @BeforeTest setUp1 -->
  <testcase classname="TestBase.BaseClass" name="@AfterTest tearDown" time="0.0">
    <ignored/>
  </testcase> <!-- @AfterTest tearDown -->
  <testcase classname="TestBase.BaseClass" name="@AfterTest tearDown" time="0.0">
    <ignored/>
  </testcase> <!-- @AfterTest tearDown -->
</testsuite> <!-- EdgeTest -->
