<?xml version="1.0" encoding="UTF-8"?>
<testng-results ignored="8" total="44" passed="36" failed="0" skipped="0">
  <reporter-output>
  </reporter-output>
  <suite started-at="2024-02-28T16:09:19 IST" name="Suite" finished-at="2024-02-28T16:13:34 IST" duration-ms="254347">
    <groups>
      <group name="regression">
        <method signature="TC001_IdentifyCourses.VerifySelection()[pri:2, instance:TestCases.TC001_IdentifyCourses@4a883b15]" name="VerifySelection" class="TestCases.TC001_IdentifyCourses"/>
        <method signature="TC001_IdentifyCourses.verifyCourse()[pri:3, instance:TestCases.TC001_IdentifyCourses@4a883b15]" name="verifyCourse" class="TestCases.TC001_IdentifyCourses"/>
        <method signature="TC002_LanguageLearning.getLanguages()[pri:2, instance:TestCases.TC002_LanguageLearning@229c6181]" name="getLanguages" class="TestCases.TC002_LanguageLearning"/>
        <method signature="TC002_LanguageLearning.getLevel()[pri:4, instance:TestCases.TC002_LanguageLearning@229c6181]" name="getLevel" class="TestCases.TC002_LanguageLearning"/>
        <method signature="TC003_ForEnterprise.clickCoursera()[pri:3, instance:TestCases.TC003_ForEnterprise@791f145a]" name="clickCoursera" class="TestCases.TC003_ForEnterprise"/>
        <method signature="TC003_ForEnterprise.countryDetails()[pri:9, instance:TestCases.TC003_ForEnterprise@791f145a]" name="countryDetails" class="TestCases.TC003_ForEnterprise"/>
        <method signature="TC003_ForEnterprise.fillName()[pri:5, instance:TestCases.TC003_ForEnterprise@791f145a]" name="fillName" class="TestCases.TC003_ForEnterprise"/>
        <method signature="TC003_ForEnterprise.institution()[pri:7, instance:TestCases.TC003_ForEnterprise@791f145a]" name="institution" class="TestCases.TC003_ForEnterprise"/>
        <method signature="TC003_ForEnterprise.jobDetails()[pri:8, instance:TestCases.TC003_ForEnterprise@791f145a]" name="jobDetails" class="TestCases.TC003_ForEnterprise"/>
        <method signature="TC003_ForEnterprise.personalDetails()[pri:6, instance:TestCases.TC003_ForEnterprise@791f145a]" name="personalDetails" class="TestCases.TC003_ForEnterprise"/>
        <method signature="TC003_ForEnterprise.submitButton()[pri:10, instance:TestCases.TC003_ForEnterprise@791f145a]" name="submitButton" class="TestCases.TC003_ForEnterprise"/>
        <method signature="TC001_IdentifyCourses.VerifySelection()[pri:2, instance:TestCases.TC001_IdentifyCourses@54422e18]" name="VerifySelection" class="TestCases.TC001_IdentifyCourses"/>
        <method signature="TC001_IdentifyCourses.verifyCourse()[pri:3, instance:TestCases.TC001_IdentifyCourses@54422e18]" name="verifyCourse" class="TestCases.TC001_IdentifyCourses"/>
        <method signature="TC002_LanguageLearning.getLanguages()[pri:2, instance:TestCases.TC002_LanguageLearning@117159c0]" name="getLanguages" class="TestCases.TC002_LanguageLearning"/>
        <method signature="TC002_LanguageLearning.getLevel()[pri:4, instance:TestCases.TC002_LanguageLearning@117159c0]" name="getLevel" class="TestCases.TC002_LanguageLearning"/>
        <method signature="TC003_ForEnterprise.clickCoursera()[pri:3, instance:TestCases.TC003_ForEnterprise@3e27ba32]" name="clickCoursera" class="TestCases.TC003_ForEnterprise"/>
        <method signature="TC003_ForEnterprise.countryDetails()[pri:9, instance:TestCases.TC003_ForEnterprise@3e27ba32]" name="countryDetails" class="TestCases.TC003_ForEnterprise"/>
        <method signature="TC003_ForEnterprise.fillName()[pri:5, instance:TestCases.TC003_ForEnterprise@3e27ba32]" name="fillName" class="TestCases.TC003_ForEnterprise"/>
        <method signature="TC003_ForEnterprise.institution()[pri:7, instance:TestCases.TC003_ForEnterprise@3e27ba32]" name="institution" class="TestCases.TC003_ForEnterprise"/>
        <method signature="TC003_ForEnterprise.jobDetails()[pri:8, instance:TestCases.TC003_ForEnterprise@3e27ba32]" name="jobDetails" class="TestCases.TC003_ForEnterprise"/>
        <method signature="TC003_ForEnterprise.personalDetails()[pri:6, instance:TestCases.TC003_ForEnterprise@3e27ba32]" name="personalDetails" class="TestCases.TC003_ForEnterprise"/>
        <method signature="TC003_ForEnterprise.submitButton()[pri:10, instance:TestCases.TC003_ForEnterprise@3e27ba32]" name="submitButton" class="TestCases.TC003_ForEnterprise"/>
      </group> <!-- regression -->
      <group name="sanity">
        <method signature="TC001_IdentifyCourses.verifyInputBox()[pri:1, instance:TestCases.TC001_IdentifyCourses@4a883b15]" name="verifyInputBox" class="TestCases.TC001_IdentifyCourses"/>
        <method signature="TC002_LanguageLearning.closeButton()[pri:3, instance:TestCases.TC002_LanguageLearning@229c6181]" name="closeButton" class="TestCases.TC002_LanguageLearning"/>
        <method signature="TC002_LanguageLearning.keyActions()[pri:1, instance:TestCases.TC002_LanguageLearning@229c6181]" name="keyActions" class="TestCases.TC002_LanguageLearning"/>
        <method signature="TC003_ForEnterprise.clickEnterprise()[pri:2, instance:TestCases.TC003_ForEnterprise@791f145a]" name="clickEnterprise" class="TestCases.TC003_ForEnterprise"/>
        <method signature="TC003_ForEnterprise.errorMessage()[pri:11, instance:TestCases.TC003_ForEnterprise@791f145a]" name="errorMessage" class="TestCases.TC003_ForEnterprise"/>
        <method signature="TC003_ForEnterprise.homepage()[pri:1, instance:TestCases.TC003_ForEnterprise@791f145a]" name="homepage" class="TestCases.TC003_ForEnterprise"/>
        <method signature="TC003_ForEnterprise.scrollToForm()[pri:4, instance:TestCases.TC003_ForEnterprise@791f145a]" name="scrollToForm" class="TestCases.TC003_ForEnterprise"/>
        <method signature="TC001_IdentifyCourses.verifyInputBox()[pri:1, instance:TestCases.TC001_IdentifyCourses@54422e18]" name="verifyInputBox" class="TestCases.TC001_IdentifyCourses"/>
        <method signature="TC002_LanguageLearning.closeButton()[pri:3, instance:TestCases.TC002_LanguageLearning@117159c0]" name="closeButton" class="TestCases.TC002_LanguageLearning"/>
        <method signature="TC002_LanguageLearning.keyActions()[pri:1, instance:TestCases.TC002_LanguageLearning@117159c0]" name="keyActions" class="TestCases.TC002_LanguageLearning"/>
        <method signature="TC003_ForEnterprise.clickEnterprise()[pri:2, instance:TestCases.TC003_ForEnterprise@3e27ba32]" name="clickEnterprise" class="TestCases.TC003_ForEnterprise"/>
        <method signature="TC003_ForEnterprise.errorMessage()[pri:11, instance:TestCases.TC003_ForEnterprise@3e27ba32]" name="errorMessage" class="TestCases.TC003_ForEnterprise"/>
        <method signature="TC003_ForEnterprise.homepage()[pri:1, instance:TestCases.TC003_ForEnterprise@3e27ba32]" name="homepage" class="TestCases.TC003_ForEnterprise"/>
        <method signature="TC003_ForEnterprise.scrollToForm()[pri:4, instance:TestCases.TC003_ForEnterprise@3e27ba32]" name="scrollToForm" class="TestCases.TC003_ForEnterprise"/>
      </group> <!-- sanity -->
    </groups>
    <test started-at="2024-02-28T16:09:19 IST" name="ChromeTest" finished-at="2024-02-28T16:11:20 IST" duration-ms="120501">
      <class name="TestCases.TC002_LanguageLearning">
        <test-method signature="keyActions()[pri:1, instance:TestCases.TC002_LanguageLearning@229c6181]" started-at="2024-02-28T16:09:51 IST" name="keyActions" finished-at="2024-02-28T16:09:54 IST" duration-ms="3344" status="PASS">
          <reporter-output>
          </reporter-output>
        </test-method> <!-- keyActions -->
        <test-method signature="getLanguages()[pri:2, instance:TestCases.TC002_LanguageLearning@229c6181]" started-at="2024-02-28T16:09:54 IST" name="getLanguages" finished-at="2024-02-28T16:10:44 IST" duration-ms="49286" status="PASS">
          <reporter-output>
          </reporter-output>
        </test-method> <!-- getLanguages -->
        <test-method signature="closeButton()[pri:3, instance:TestCases.TC002_LanguageLearning@229c6181]" started-at="2024-02-28T16:10:44 IST" name="closeButton" finished-at="2024-02-28T16:10:44 IST" duration-ms="76" status="PASS">
          <reporter-output>
          </reporter-output>
        </test-method> <!-- closeButton -->
        <test-method signature="getLevel()[pri:4, instance:TestCases.TC002_LanguageLearning@229c6181]" started-at="2024-02-28T16:10:44 IST" name="getLevel" finished-at="2024-02-28T16:10:52 IST" duration-ms="8360" status="PASS">
          <reporter-output>
          </reporter-output>
        </test-method> <!-- getLevel -->
      </class> <!-- TestCases.TC002_LanguageLearning -->
      <class name="TestCases.TC001_IdentifyCourses">
        <test-method is-config="true" signature="setUp1(java.lang.String,java.lang.String)[pri:0, instance:TestCases.TC001_IdentifyCourses@4a883b15]" started-at="2024-02-28T16:09:20 IST" name="setUp1" finished-at="2024-02-28T16:09:32 IST" duration-ms="12807" status="PASS">
          <params>
            <param index="0">
              <value>
                <![CDATA[windows]]>
              </value>
            </param>
            <param index="1">
              <value>
                <![CDATA[chrome]]>
              </value>
            </param>
          </params>
          <reporter-output>
          </reporter-output>
        </test-method> <!-- setUp1 -->
        <test-method signature="verifyInputBox()[pri:1, instance:TestCases.TC001_IdentifyCourses@4a883b15]" started-at="2024-02-28T16:09:32 IST" name="verifyInputBox" finished-at="2024-02-28T16:09:38 IST" duration-ms="5307" status="PASS">
          <reporter-output>
          </reporter-output>
        </test-method> <!-- verifyInputBox -->
        <test-method signature="VerifySelection()[pri:2, instance:TestCases.TC001_IdentifyCourses@4a883b15]" started-at="2024-02-28T16:09:38 IST" name="VerifySelection" finished-at="2024-02-28T16:09:41 IST" duration-ms="2783" status="PASS">
          <reporter-output>
          </reporter-output>
        </test-method> <!-- VerifySelection -->
        <test-method signature="verifyCourse()[pri:3, instance:TestCases.TC001_IdentifyCourses@4a883b15]" started-at="2024-02-28T16:09:41 IST" name="verifyCourse" finished-at="2024-02-28T16:09:51 IST" duration-ms="9803" status="PASS">
          <reporter-output>
          </reporter-output>
        </test-method> <!-- verifyCourse -->
        <test-method is-config="true" signature="tearDown()[pri:0, instance:TestCases.TC001_IdentifyCourses@4a883b15]" started-at="2024-02-28T16:11:19 IST" name="tearDown" finished-at="2024-02-28T16:11:20 IST" duration-ms="1090" status="PASS">
          <reporter-output>
          </reporter-output>
        </test-method> <!-- tearDown -->
      </class> <!-- TestCases.TC001_IdentifyCourses -->
      <class name="TestCases.TC003_ForEnterprise">
        <test-method signature="homepage()[pri:1, instance:TestCases.TC003_ForEnterprise@791f145a]" started-at="2024-02-28T16:10:53 IST" name="homepage" finished-at="2024-02-28T16:10:58 IST" duration-ms="5648" status="PASS">
          <reporter-output>
          </reporter-output>
        </test-method> <!-- homepage -->
        <test-method signature="clickEnterprise()[pri:2, instance:TestCases.TC003_ForEnterprise@791f145a]" started-at="2024-02-28T16:10:58 IST" name="clickEnterprise" finished-at="2024-02-28T16:11:08 IST" duration-ms="10005" status="PASS">
          <reporter-output>
          </reporter-output>
        </test-method> <!-- clickEnterprise -->
        <test-method signature="clickCoursera()[pri:3, instance:TestCases.TC003_ForEnterprise@791f145a]" started-at="2024-02-28T16:11:09 IST" name="clickCoursera" finished-at="2024-02-28T16:11:12 IST" duration-ms="3212" status="PASS">
          <reporter-output>
          </reporter-output>
        </test-method> <!-- clickCoursera -->
        <test-method signature="scrollToForm()[pri:4, instance:TestCases.TC003_ForEnterprise@791f145a]" started-at="2024-02-28T16:11:13 IST" name="scrollToForm" finished-at="2024-02-28T16:11:13 IST" duration-ms="22" status="PASS">
          <reporter-output>
          </reporter-output>
        </test-method> <!-- scrollToForm -->
        <test-method signature="fillName()[pri:5, instance:TestCases.TC003_ForEnterprise@791f145a]" started-at="2024-02-28T16:11:14 IST" name="fillName" finished-at="2024-02-28T16:11:14 IST" duration-ms="246" status="PASS">
          <reporter-output>
          </reporter-output>
        </test-method> <!-- fillName -->
        <test-method signature="personalDetails()[pri:6, instance:TestCases.TC003_ForEnterprise@791f145a]" started-at="2024-02-28T16:11:14 IST" name="personalDetails" finished-at="2024-02-28T16:11:14 IST" duration-ms="156" status="PASS">
          <reporter-output>
          </reporter-output>
        </test-method> <!-- personalDetails -->
        <test-method signature="institution()[pri:7, instance:TestCases.TC003_ForEnterprise@791f145a]" started-at="2024-02-28T16:11:14 IST" name="institution" finished-at="2024-02-28T16:11:15 IST" duration-ms="343" status="PASS">
          <reporter-output>
          </reporter-output>
        </test-method> <!-- institution -->
        <test-method signature="jobDetails()[pri:8, instance:TestCases.TC003_ForEnterprise@791f145a]" started-at="2024-02-28T16:11:15 IST" name="jobDetails" finished-at="2024-02-28T16:11:15 IST" duration-ms="357" status="PASS">
          <reporter-output>
          </reporter-output>
        </test-method> <!-- jobDetails -->
        <test-method signature="countryDetails()[pri:9, instance:TestCases.TC003_ForEnterprise@791f145a]" started-at="2024-02-28T16:11:15 IST" name="countryDetails" finished-at="2024-02-28T16:11:15 IST" duration-ms="182" status="PASS">
          <reporter-output>
          </reporter-output>
        </test-method> <!-- countryDetails -->
        <test-method signature="submitButton()[pri:10, instance:TestCases.TC003_ForEnterprise@791f145a]" started-at="2024-02-28T16:11:16 IST" name="submitButton" finished-at="2024-02-28T16:11:19 IST" duration-ms="3055" status="PASS">
          <reporter-output>
          </reporter-output>
        </test-method> <!-- submitButton -->
        <test-method signature="errorMessage()[pri:11, instance:TestCases.TC003_ForEnterprise@791f145a]" started-at="2024-02-28T16:11:19 IST" name="errorMessage" finished-at="2024-02-28T16:11:19 IST" duration-ms="57" status="PASS">
          <reporter-output>
          </reporter-output>
        </test-method> <!-- errorMessage -->
      </class> <!-- TestCases.TC003_ForEnterprise -->
    </test> <!-- ChromeTest -->
    <test started-at="2024-02-28T16:11:24 IST" name="EdgeTest" finished-at="2024-02-28T16:13:34 IST" duration-ms="129508">
      <class name="TestCases.TC002_LanguageLearning">
        <test-method signature="keyActions()[pri:1, instance:TestCases.TC002_LanguageLearning@117159c0]" started-at="2024-02-28T16:12:00 IST" name="keyActions" finished-at="2024-02-28T16:12:03 IST" duration-ms="3339" status="PASS">
          <reporter-output>
          </reporter-output>
        </test-method> <!-- keyActions -->
        <test-method signature="getLanguages()[pri:2, instance:TestCases.TC002_LanguageLearning@117159c0]" started-at="2024-02-28T16:12:03 IST" name="getLanguages" finished-at="2024-02-28T16:12:52 IST" duration-ms="49105" status="PASS">
          <reporter-output>
          </reporter-output>
        </test-method> <!-- getLanguages -->
        <test-method signature="closeButton()[pri:3, instance:TestCases.TC002_LanguageLearning@117159c0]" started-at="2024-02-28T16:12:52 IST" name="closeButton" finished-at="2024-02-28T16:12:53 IST" duration-ms="87" status="PASS">
          <reporter-output>
          </reporter-output>
        </test-method> <!-- closeButton -->
        <test-method signature="getLevel()[pri:4, instance:TestCases.TC002_LanguageLearning@117159c0]" started-at="2024-02-28T16:12:53 IST" name="getLevel" finished-at="2024-02-28T16:13:01 IST" duration-ms="8321" status="PASS">
          <reporter-output>
          </reporter-output>
        </test-method> <!-- getLevel -->
      </class> <!-- TestCases.TC002_LanguageLearning -->
      <class name="TestCases.TC001_IdentifyCourses">
        <test-method is-config="true" signature="setUp1(java.lang.String,java.lang.String)[pri:0, instance:TestCases.TC001_IdentifyCourses@54422e18]" started-at="2024-02-28T16:11:24 IST" name="setUp1" finished-at="2024-02-28T16:11:40 IST" duration-ms="15985" status="PASS">
          <params>
            <param index="0">
              <value>
                <![CDATA[windows]]>
              </value>
            </param>
            <param index="1">
              <value>
                <![CDATA[edge]]>
              </value>
            </param>
          </params>
          <reporter-output>
          </reporter-output>
        </test-method> <!-- setUp1 -->
        <test-method signature="verifyInputBox()[pri:1, instance:TestCases.TC001_IdentifyCourses@54422e18]" started-at="2024-02-28T16:11:40 IST" name="verifyInputBox" finished-at="2024-02-28T16:11:45 IST" duration-ms="4782" status="PASS">
          <reporter-output>
          </reporter-output>
        </test-method> <!-- verifyInputBox -->
        <test-method signature="VerifySelection()[pri:2, instance:TestCases.TC001_IdentifyCourses@54422e18]" started-at="2024-02-28T16:11:45 IST" name="VerifySelection" finished-at="2024-02-28T16:11:48 IST" duration-ms="2488" status="PASS">
          <reporter-output>
          </reporter-output>
        </test-method> <!-- VerifySelection -->
        <test-method signature="verifyCourse()[pri:3, instance:TestCases.TC001_IdentifyCourses@54422e18]" started-at="2024-02-28T16:11:48 IST" name="verifyCourse" finished-at="2024-02-28T16:12:00 IST" duration-ms="11679" status="PASS">
          <reporter-output>
          </reporter-output>
        </test-method> <!-- verifyCourse -->
        <test-method is-config="true" signature="tearDown()[pri:0, instance:TestCases.TC001_IdentifyCourses@54422e18]" started-at="2024-02-28T16:13:33 IST" name="tearDown" finished-at="2024-02-28T16:13:34 IST" duration-ms="1167" status="PASS">
          <reporter-output>
          </reporter-output>
        </test-method> <!-- tearDown -->
      </class> <!-- TestCases.TC001_IdentifyCourses -->
      <class name="TestCases.TC003_ForEnterprise">
        <test-method signature="homepage()[pri:1, instance:TestCases.TC003_ForEnterprise@3e27ba32]" started-at="2024-02-28T16:13:01 IST" name="homepage" finished-at="2024-02-28T16:13:08 IST" duration-ms="6354" status="PASS">
          <reporter-output>
          </reporter-output>
        </test-method> <!-- homepage -->
        <test-method signature="clickEnterprise()[pri:2, instance:TestCases.TC003_ForEnterprise@3e27ba32]" started-at="2024-02-28T16:13:08 IST" name="clickEnterprise" finished-at="2024-02-28T16:13:20 IST" duration-ms="12283" status="PASS">
          <reporter-output>
          </reporter-output>
        </test-method> <!-- clickEnterprise -->
        <test-method signature="clickCoursera()[pri:3, instance:TestCases.TC003_ForEnterprise@3e27ba32]" started-at="2024-02-28T16:13:20 IST" name="clickCoursera" finished-at="2024-02-28T16:13:27 IST" duration-ms="6941" status="PASS">
          <reporter-output>
          </reporter-output>
        </test-method> <!-- clickCoursera -->
        <test-method signature="scrollToForm()[pri:4, instance:TestCases.TC003_ForEnterprise@3e27ba32]" started-at="2024-02-28T16:13:27 IST" name="scrollToForm" finished-at="2024-02-28T16:13:27 IST" duration-ms="26" status="PASS">
          <reporter-output>
          </reporter-output>
        </test-method> <!-- scrollToForm -->
        <test-method signature="fillName()[pri:5, instance:TestCases.TC003_ForEnterprise@3e27ba32]" started-at="2024-02-28T16:13:28 IST" name="fillName" finished-at="2024-02-28T16:13:28 IST" duration-ms="192" status="PASS">
          <reporter-output>
          </reporter-output>
        </test-method> <!-- fillName -->
        <test-method signature="personalDetails()[pri:6, instance:TestCases.TC003_ForEnterprise@3e27ba32]" started-at="2024-02-28T16:13:28 IST" name="personalDetails" finished-at="2024-02-28T16:13:28 IST" duration-ms="140" status="PASS">
          <reporter-output>
          </reporter-output>
        </test-method> <!-- personalDetails -->
        <test-method signature="institution()[pri:7, instance:TestCases.TC003_ForEnterprise@3e27ba32]" started-at="2024-02-28T16:13:28 IST" name="institution" finished-at="2024-02-28T16:13:28 IST" duration-ms="236" status="PASS">
          <reporter-output>
          </reporter-output>
        </test-method> <!-- institution -->
        <test-method signature="jobDetails()[pri:8, instance:TestCases.TC003_ForEnterprise@3e27ba32]" started-at="2024-02-28T16:13:29 IST" name="jobDetails" finished-at="2024-02-28T16:13:29 IST" duration-ms="347" status="PASS">
          <reporter-output>
          </reporter-output>
        </test-method> <!-- jobDetails -->
        <test-method signature="countryDetails()[pri:9, instance:TestCases.TC003_ForEnterprise@3e27ba32]" started-at="2024-02-28T16:13:29 IST" name="countryDetails" finished-at="2024-02-28T16:13:29 IST" duration-ms="152" status="PASS">
          <reporter-output>
          </reporter-output>
        </test-method> <!-- countryDetails -->
        <test-method signature="submitButton()[pri:10, instance:TestCases.TC003_ForEnterprise@3e27ba32]" started-at="2024-02-28T16:13:29 IST" name="submitButton" finished-at="2024-02-28T16:13:32 IST" duration-ms="3043" status="PASS">
          <reporter-output>
          </reporter-output>
        </test-method> <!-- submitButton -->
        <test-method signature="errorMessage()[pri:11, instance:TestCases.TC003_ForEnterprise@3e27ba32]" started-at="2024-02-28T16:13:32 IST" name="errorMessage" finished-at="2024-02-28T16:13:33 IST" duration-ms="50" status="PASS">
          <reporter-output>
          </reporter-output>
        </test-method> <!-- errorMessage -->
      </class> <!-- TestCases.TC003_ForEnterprise -->
    </test> <!-- EdgeTest -->
  </suite> <!-- Suite -->
</testng-results>
